[2021-12-17 04:44:57,676] {taskinstance.py:851} INFO - Dependencies all met for <TaskInstance: marketvol.task_4 2021-12-17T04:44:37.911384+00:00 [queued]>
[2021-12-17 04:44:57,703] {taskinstance.py:851} INFO - Dependencies all met for <TaskInstance: marketvol.task_4 2021-12-17T04:44:37.911384+00:00 [queued]>
[2021-12-17 04:44:57,704] {taskinstance.py:1042} INFO - 
--------------------------------------------------------------------------------
[2021-12-17 04:44:57,705] {taskinstance.py:1043} INFO - Starting attempt 1 of 3
[2021-12-17 04:44:57,706] {taskinstance.py:1044} INFO - 
--------------------------------------------------------------------------------
[2021-12-17 04:44:57,786] {taskinstance.py:1063} INFO - Executing <Task(BashOperator): task_4> on 2021-12-17T04:44:37.911384+00:00
[2021-12-17 04:44:57,792] {standard_task_runner.py:52} INFO - Started process 1507 to run task
[2021-12-17 04:44:57,799] {standard_task_runner.py:76} INFO - Running: ['airflow', 'tasks', 'run', 'marketvol', 'task_4', '2021-12-17T04:44:37.911384+00:00', '--job-id', '6', '--pool', 'default_pool', '--raw', '--subdir', 'DAGS_FOLDER/data_pipeline.py', '--cfg-path', '/tmp/tmpoz8vlm2t', '--error-file', '/tmp/tmp_npx2ghy']
[2021-12-17 04:44:57,801] {standard_task_runner.py:77} INFO - Job 6: Subtask task_4
[2021-12-17 04:44:57,900] {logging_mixin.py:104} INFO - Running <TaskInstance: marketvol.task_4 2021-12-17T04:44:37.911384+00:00 [running]> on host d129b14a7a78
[2021-12-17 04:44:57,999] {taskinstance.py:1255} INFO - Exporting the following env vars:
AIRFLOW_CTX_DAG_OWNER=airflow
AIRFLOW_CTX_DAG_ID=marketvol
AIRFLOW_CTX_TASK_ID=task_4
AIRFLOW_CTX_EXECUTION_DATE=2021-12-17T04:44:37.911384+00:00
AIRFLOW_CTX_DAG_RUN_ID=manual__2021-12-17T04:44:37.911384+00:00
[2021-12-17 04:44:58,001] {bash.py:135} INFO - Tmp dir root location: 
 /tmp
[2021-12-17 04:44:58,003] {bash.py:158} INFO - Running command: mv $AIRFLOW_HOME/TSLA_data.csv $AIRFLOW_HOME/tmp/data/2021-12-16
[2021-12-17 04:44:58,014] {bash.py:169} INFO - Output:
[2021-12-17 04:44:58,025] {bash.py:177} INFO - Command exited with return code 0
[2021-12-17 04:44:58,106] {taskinstance.py:1159} INFO - Marking task as SUCCESS. dag_id=marketvol, task_id=task_4, execution_date=20211217T044437, start_date=20211217T044457, end_date=20211217T044458
[2021-12-17 04:44:58,278] {taskinstance.py:1220} INFO - 1 downstream tasks scheduled from follow-on schedule check
[2021-12-17 04:44:58,335] {local_task_job.py:146} INFO - Task exited with return code 0
