[2021-12-17 04:44:42,460] {taskinstance.py:851} INFO - Dependencies all met for <TaskInstance: marketvol.task_0 2021-12-17T04:44:37.911384+00:00 [queued]>
[2021-12-17 04:44:42,491] {taskinstance.py:851} INFO - Dependencies all met for <TaskInstance: marketvol.task_0 2021-12-17T04:44:37.911384+00:00 [queued]>
[2021-12-17 04:44:42,497] {taskinstance.py:1042} INFO - 
--------------------------------------------------------------------------------
[2021-12-17 04:44:42,500] {taskinstance.py:1043} INFO - Starting attempt 1 of 3
[2021-12-17 04:44:42,502] {taskinstance.py:1044} INFO - 
--------------------------------------------------------------------------------
[2021-12-17 04:44:42,596] {taskinstance.py:1063} INFO - Executing <Task(BashOperator): task_0> on 2021-12-17T04:44:37.911384+00:00
[2021-12-17 04:44:42,601] {standard_task_runner.py:52} INFO - Started process 1452 to run task
[2021-12-17 04:44:42,608] {standard_task_runner.py:76} INFO - Running: ['airflow', 'tasks', 'run', 'marketvol', 'task_0', '2021-12-17T04:44:37.911384+00:00', '--job-id', '2', '--pool', 'default_pool', '--raw', '--subdir', 'DAGS_FOLDER/data_pipeline.py', '--cfg-path', '/tmp/tmp3sz7v2j8', '--error-file', '/tmp/tmpk_qykswu']
[2021-12-17 04:44:42,610] {standard_task_runner.py:77} INFO - Job 2: Subtask task_0
[2021-12-17 04:44:42,845] {logging_mixin.py:104} INFO - Running <TaskInstance: marketvol.task_0 2021-12-17T04:44:37.911384+00:00 [running]> on host d129b14a7a78
[2021-12-17 04:44:43,011] {taskinstance.py:1255} INFO - Exporting the following env vars:
AIRFLOW_CTX_DAG_OWNER=airflow
AIRFLOW_CTX_DAG_ID=marketvol
AIRFLOW_CTX_TASK_ID=task_0
AIRFLOW_CTX_EXECUTION_DATE=2021-12-17T04:44:37.911384+00:00
AIRFLOW_CTX_DAG_RUN_ID=manual__2021-12-17T04:44:37.911384+00:00
[2021-12-17 04:44:43,015] {bash.py:135} INFO - Tmp dir root location: 
 /tmp
[2021-12-17 04:44:43,019] {bash.py:158} INFO - Running command: mkdir -p $AIRFLOW_HOME/tmp/data/2021-12-16
[2021-12-17 04:44:43,038] {bash.py:169} INFO - Output:
[2021-12-17 04:44:43,066] {bash.py:177} INFO - Command exited with return code 0
[2021-12-17 04:44:43,182] {taskinstance.py:1159} INFO - Marking task as SUCCESS. dag_id=marketvol, task_id=task_0, execution_date=20211217T044437, start_date=20211217T044442, end_date=20211217T044443
[2021-12-17 04:44:43,394] {taskinstance.py:1220} INFO - 2 downstream tasks scheduled from follow-on schedule check
[2021-12-17 04:44:43,432] {local_task_job.py:146} INFO - Task exited with return code 0
