[2021-12-18 04:14:29,110] {taskinstance.py:851} INFO - Dependencies all met for <TaskInstance: marketvol.sensing_task_2 2021-12-18T04:14:11.327094+00:00 [queued]>
[2021-12-18 04:14:29,143] {taskinstance.py:851} INFO - Dependencies all met for <TaskInstance: marketvol.sensing_task_2 2021-12-18T04:14:11.327094+00:00 [queued]>
[2021-12-18 04:14:29,144] {taskinstance.py:1042} INFO - 
--------------------------------------------------------------------------------
[2021-12-18 04:14:29,145] {taskinstance.py:1043} INFO - Starting attempt 1 of 3
[2021-12-18 04:14:29,147] {taskinstance.py:1044} INFO - 
--------------------------------------------------------------------------------
[2021-12-18 04:14:29,217] {taskinstance.py:1063} INFO - Executing <Task(FileSensor): sensing_task_2> on 2021-12-18T04:14:11.327094+00:00
[2021-12-18 04:14:29,222] {standard_task_runner.py:52} INFO - Started process 1122 to run task
[2021-12-18 04:14:29,229] {standard_task_runner.py:76} INFO - Running: ['airflow', 'tasks', 'run', 'marketvol', 'sensing_task_2', '2021-12-18T04:14:11.327094+00:00', '--job-id', '47', '--pool', 'default_pool', '--raw', '--subdir', 'DAGS_FOLDER/data_pipeline.py', '--cfg-path', '/tmp/tmpbp5hiduk', '--error-file', '/tmp/tmppdu08cpw']
[2021-12-18 04:14:29,231] {standard_task_runner.py:77} INFO - Job 47: Subtask sensing_task_2
[2021-12-18 04:14:29,331] {logging_mixin.py:104} INFO - Running <TaskInstance: marketvol.sensing_task_2 2021-12-18T04:14:11.327094+00:00 [running]> on host e0dcfe4db2d4
[2021-12-18 04:14:29,434] {taskinstance.py:1255} INFO - Exporting the following env vars:
AIRFLOW_CTX_DAG_OWNER=airflow
AIRFLOW_CTX_DAG_ID=marketvol
AIRFLOW_CTX_TASK_ID=sensing_task_2
AIRFLOW_CTX_EXECUTION_DATE=2021-12-18T04:14:11.327094+00:00
AIRFLOW_CTX_DAG_RUN_ID=manual__2021-12-18T04:14:11.327094+00:00
[2021-12-18 04:14:29,449] {filesystem.py:56} INFO - Poking for file TSLA_data.csv
[2021-12-18 04:14:29,452] {base.py:245} INFO - Success criteria met. Exiting.
[2021-12-18 04:14:29,467] {taskinstance.py:1159} INFO - Marking task as SUCCESS. dag_id=marketvol, task_id=sensing_task_2, execution_date=20211218T041411, start_date=20211218T041429, end_date=20211218T041429
[2021-12-18 04:14:29,630] {taskinstance.py:1220} INFO - 1 downstream tasks scheduled from follow-on schedule check
[2021-12-18 04:14:29,643] {local_task_job.py:146} INFO - Task exited with return code 0
