[2021-12-17 04:45:01,791] {taskinstance.py:851} INFO - Dependencies all met for <TaskInstance: marketvol.task_5 2021-12-17T04:44:37.911384+00:00 [queued]>
[2021-12-17 04:45:01,817] {taskinstance.py:851} INFO - Dependencies all met for <TaskInstance: marketvol.task_5 2021-12-17T04:44:37.911384+00:00 [queued]>
[2021-12-17 04:45:01,819] {taskinstance.py:1042} INFO - 
--------------------------------------------------------------------------------
[2021-12-17 04:45:01,820] {taskinstance.py:1043} INFO - Starting attempt 1 of 3
[2021-12-17 04:45:01,822] {taskinstance.py:1044} INFO - 
--------------------------------------------------------------------------------
[2021-12-17 04:45:01,902] {taskinstance.py:1063} INFO - Executing <Task(PythonOperator): task_5> on 2021-12-17T04:44:37.911384+00:00
[2021-12-17 04:45:01,907] {standard_task_runner.py:52} INFO - Started process 1529 to run task
[2021-12-17 04:45:01,914] {standard_task_runner.py:76} INFO - Running: ['airflow', 'tasks', 'run', 'marketvol', 'task_5', '2021-12-17T04:44:37.911384+00:00', '--job-id', '7', '--pool', 'default_pool', '--raw', '--subdir', 'DAGS_FOLDER/data_pipeline.py', '--cfg-path', '/tmp/tmp0b4cybe6', '--error-file', '/tmp/tmpkqtgzk87']
[2021-12-17 04:45:01,916] {standard_task_runner.py:77} INFO - Job 7: Subtask task_5
[2021-12-17 04:45:02,023] {logging_mixin.py:104} INFO - Running <TaskInstance: marketvol.task_5 2021-12-17T04:44:37.911384+00:00 [running]> on host d129b14a7a78
[2021-12-17 04:45:02,118] {taskinstance.py:1255} INFO - Exporting the following env vars:
AIRFLOW_CTX_DAG_OWNER=airflow
AIRFLOW_CTX_DAG_ID=marketvol
AIRFLOW_CTX_TASK_ID=task_5
AIRFLOW_CTX_EXECUTION_DATE=2021-12-17T04:44:37.911384+00:00
AIRFLOW_CTX_DAG_RUN_ID=manual__2021-12-17T04:44:37.911384+00:00
[2021-12-17 04:45:02,148] {python.py:118} INFO - Done. Returned value was: [0.8000030517578125, 4.97998046875]
[2021-12-17 04:45:02,218] {taskinstance.py:1159} INFO - Marking task as SUCCESS. dag_id=marketvol, task_id=task_5, execution_date=20211217T044437, start_date=20211217T044501, end_date=20211217T044502
[2021-12-17 04:45:02,316] {taskinstance.py:1220} INFO - 0 downstream tasks scheduled from follow-on schedule check
[2021-12-17 04:45:02,328] {local_task_job.py:146} INFO - Task exited with return code 0
