[2021-12-18 04:11:19,901] {taskinstance.py:851} INFO - Dependencies all met for <TaskInstance: marketvol.sensing_task_1 2021-12-18T04:11:03.014307+00:00 [queued]>
[2021-12-18 04:11:19,933] {taskinstance.py:851} INFO - Dependencies all met for <TaskInstance: marketvol.sensing_task_1 2021-12-18T04:11:03.014307+00:00 [queued]>
[2021-12-18 04:11:19,934] {taskinstance.py:1042} INFO - 
--------------------------------------------------------------------------------
[2021-12-18 04:11:19,936] {taskinstance.py:1043} INFO - Starting attempt 1 of 3
[2021-12-18 04:11:19,937] {taskinstance.py:1044} INFO - 
--------------------------------------------------------------------------------
[2021-12-18 04:11:20,020] {taskinstance.py:1063} INFO - Executing <Task(FileSensor): sensing_task_1> on 2021-12-18T04:11:03.014307+00:00
[2021-12-18 04:11:20,025] {standard_task_runner.py:52} INFO - Started process 349 to run task
[2021-12-18 04:11:20,032] {standard_task_runner.py:76} INFO - Running: ['airflow', 'tasks', 'run', 'marketvol', 'sensing_task_1', '2021-12-18T04:11:03.014307+00:00', '--job-id', '38', '--pool', 'default_pool', '--raw', '--subdir', 'DAGS_FOLDER/data_pipeline.py', '--cfg-path', '/tmp/tmpcx5kxag1', '--error-file', '/tmp/tmpz445h0u7']
[2021-12-18 04:11:20,034] {standard_task_runner.py:77} INFO - Job 38: Subtask sensing_task_1
[2021-12-18 04:11:20,161] {logging_mixin.py:104} INFO - Running <TaskInstance: marketvol.sensing_task_1 2021-12-18T04:11:03.014307+00:00 [running]> on host e0dcfe4db2d4
[2021-12-18 04:11:20,263] {taskinstance.py:1255} INFO - Exporting the following env vars:
AIRFLOW_CTX_DAG_OWNER=airflow
AIRFLOW_CTX_DAG_ID=marketvol
AIRFLOW_CTX_TASK_ID=sensing_task_1
AIRFLOW_CTX_EXECUTION_DATE=2021-12-18T04:11:03.014307+00:00
AIRFLOW_CTX_DAG_RUN_ID=manual__2021-12-18T04:11:03.014307+00:00
[2021-12-18 04:11:20,283] {filesystem.py:56} INFO - Poking for file AAPL_data.csv
[2021-12-18 04:11:20,286] {base.py:245} INFO - Success criteria met. Exiting.
[2021-12-18 04:11:20,306] {taskinstance.py:1159} INFO - Marking task as SUCCESS. dag_id=marketvol, task_id=sensing_task_1, execution_date=20211218T041103, start_date=20211218T041119, end_date=20211218T041120
[2021-12-18 04:11:20,489] {taskinstance.py:1220} INFO - 1 downstream tasks scheduled from follow-on schedule check
[2021-12-18 04:11:20,528] {local_task_job.py:146} INFO - Task exited with return code 0
