[2021-12-17 04:44:46,954] {taskinstance.py:851} INFO - Dependencies all met for <TaskInstance: marketvol.task_1 2021-12-17T04:44:37.911384+00:00 [queued]>
[2021-12-17 04:44:46,979] {taskinstance.py:851} INFO - Dependencies all met for <TaskInstance: marketvol.task_1 2021-12-17T04:44:37.911384+00:00 [queued]>
[2021-12-17 04:44:46,980] {taskinstance.py:1042} INFO - 
--------------------------------------------------------------------------------
[2021-12-17 04:44:46,981] {taskinstance.py:1043} INFO - Starting attempt 1 of 3
[2021-12-17 04:44:46,983] {taskinstance.py:1044} INFO - 
--------------------------------------------------------------------------------
[2021-12-17 04:44:47,056] {taskinstance.py:1063} INFO - Executing <Task(PythonOperator): task_1> on 2021-12-17T04:44:37.911384+00:00
[2021-12-17 04:44:47,062] {standard_task_runner.py:52} INFO - Started process 1467 to run task
[2021-12-17 04:44:47,068] {standard_task_runner.py:76} INFO - Running: ['airflow', 'tasks', 'run', 'marketvol', 'task_1', '2021-12-17T04:44:37.911384+00:00', '--job-id', '3', '--pool', 'default_pool', '--raw', '--subdir', 'DAGS_FOLDER/data_pipeline.py', '--cfg-path', '/tmp/tmpobaqzbr2', '--error-file', '/tmp/tmplcsalxd5']
[2021-12-17 04:44:47,071] {standard_task_runner.py:77} INFO - Job 3: Subtask task_1
[2021-12-17 04:44:47,177] {logging_mixin.py:104} INFO - Running <TaskInstance: marketvol.task_1 2021-12-17T04:44:37.911384+00:00 [running]> on host d129b14a7a78
[2021-12-17 04:44:47,275] {taskinstance.py:1255} INFO - Exporting the following env vars:
AIRFLOW_CTX_DAG_OWNER=airflow
AIRFLOW_CTX_DAG_ID=marketvol
AIRFLOW_CTX_TASK_ID=task_1
AIRFLOW_CTX_EXECUTION_DATE=2021-12-17T04:44:37.911384+00:00
AIRFLOW_CTX_DAG_RUN_ID=manual__2021-12-17T04:44:37.911384+00:00
[2021-12-17 04:44:47,540] {logging_mixin.py:104} INFO - [*********************100%***********************]  1 of 1 completed
[2021-12-17 04:44:47,541] {logging_mixin.py:104} INFO - 
[2021-12-17 04:44:47,577] {python.py:118} INFO - Done. Returned value was: None
[2021-12-17 04:44:47,590] {taskinstance.py:1159} INFO - Marking task as SUCCESS. dag_id=marketvol, task_id=task_1, execution_date=20211217T044437, start_date=20211217T044446, end_date=20211217T044447
[2021-12-17 04:44:47,762] {taskinstance.py:1220} INFO - 1 downstream tasks scheduled from follow-on schedule check
[2021-12-17 04:44:47,808] {local_task_job.py:146} INFO - Task exited with return code 0
