[2021-12-17 04:44:50,176] {taskinstance.py:851} INFO - Dependencies all met for <TaskInstance: marketvol.task_2 2021-12-17T04:44:37.911384+00:00 [queued]>
[2021-12-17 04:44:50,211] {taskinstance.py:851} INFO - Dependencies all met for <TaskInstance: marketvol.task_2 2021-12-17T04:44:37.911384+00:00 [queued]>
[2021-12-17 04:44:50,212] {taskinstance.py:1042} INFO - 
--------------------------------------------------------------------------------
[2021-12-17 04:44:50,213] {taskinstance.py:1043} INFO - Starting attempt 1 of 3
[2021-12-17 04:44:50,214] {taskinstance.py:1044} INFO - 
--------------------------------------------------------------------------------
[2021-12-17 04:44:50,290] {taskinstance.py:1063} INFO - Executing <Task(PythonOperator): task_2> on 2021-12-17T04:44:37.911384+00:00
[2021-12-17 04:44:50,295] {standard_task_runner.py:52} INFO - Started process 1483 to run task
[2021-12-17 04:44:50,302] {standard_task_runner.py:76} INFO - Running: ['airflow', 'tasks', 'run', 'marketvol', 'task_2', '2021-12-17T04:44:37.911384+00:00', '--job-id', '4', '--pool', 'default_pool', '--raw', '--subdir', 'DAGS_FOLDER/data_pipeline.py', '--cfg-path', '/tmp/tmptznidqi4', '--error-file', '/tmp/tmpqblz9r4g']
[2021-12-17 04:44:50,305] {standard_task_runner.py:77} INFO - Job 4: Subtask task_2
[2021-12-17 04:44:50,403] {logging_mixin.py:104} INFO - Running <TaskInstance: marketvol.task_2 2021-12-17T04:44:37.911384+00:00 [running]> on host d129b14a7a78
[2021-12-17 04:44:50,500] {taskinstance.py:1255} INFO - Exporting the following env vars:
AIRFLOW_CTX_DAG_OWNER=airflow
AIRFLOW_CTX_DAG_ID=marketvol
AIRFLOW_CTX_TASK_ID=task_2
AIRFLOW_CTX_EXECUTION_DATE=2021-12-17T04:44:37.911384+00:00
AIRFLOW_CTX_DAG_RUN_ID=manual__2021-12-17T04:44:37.911384+00:00
[2021-12-17 04:44:50,807] {logging_mixin.py:104} INFO - [*********************100%***********************]  1 of 1 completed
[2021-12-17 04:44:50,809] {logging_mixin.py:104} INFO - 
[2021-12-17 04:44:50,853] {python.py:118} INFO - Done. Returned value was: None
[2021-12-17 04:44:50,873] {taskinstance.py:1159} INFO - Marking task as SUCCESS. dag_id=marketvol, task_id=task_2, execution_date=20211217T044437, start_date=20211217T044450, end_date=20211217T044450
[2021-12-17 04:44:51,039] {taskinstance.py:1220} INFO - 1 downstream tasks scheduled from follow-on schedule check
[2021-12-17 04:44:51,087] {local_task_job.py:146} INFO - Task exited with return code 0
