[2021-12-18 04:18:50,710] {taskinstance.py:851} INFO - Dependencies all met for <TaskInstance: marketvol.sensing_task_2 2021-12-18T04:18:35.908146+00:00 [queued]>
[2021-12-18 04:18:50,739] {taskinstance.py:851} INFO - Dependencies all met for <TaskInstance: marketvol.sensing_task_2 2021-12-18T04:18:35.908146+00:00 [queued]>
[2021-12-18 04:18:50,741] {taskinstance.py:1042} INFO - 
--------------------------------------------------------------------------------
[2021-12-18 04:18:50,741] {taskinstance.py:1043} INFO - Starting attempt 1 of 3
[2021-12-18 04:18:50,743] {taskinstance.py:1044} INFO - 
--------------------------------------------------------------------------------
[2021-12-18 04:18:50,810] {taskinstance.py:1063} INFO - Executing <Task(FileSensor): sensing_task_2> on 2021-12-18T04:18:35.908146+00:00
[2021-12-18 04:18:50,815] {standard_task_runner.py:52} INFO - Started process 590 to run task
[2021-12-18 04:18:50,822] {standard_task_runner.py:76} INFO - Running: ['airflow', 'tasks', 'run', 'marketvol', 'sensing_task_2', '2021-12-18T04:18:35.908146+00:00', '--job-id', '32', '--pool', 'default_pool', '--raw', '--subdir', 'DAGS_FOLDER/data_pipeline.py', '--cfg-path', '/tmp/tmpphfjkhkx', '--error-file', '/tmp/tmp1ylp2fsv']
[2021-12-18 04:18:50,823] {standard_task_runner.py:77} INFO - Job 32: Subtask sensing_task_2
[2021-12-18 04:18:50,921] {logging_mixin.py:104} INFO - Running <TaskInstance: marketvol.sensing_task_2 2021-12-18T04:18:35.908146+00:00 [running]> on host b518d8184277
[2021-12-18 04:18:51,012] {taskinstance.py:1255} INFO - Exporting the following env vars:
AIRFLOW_CTX_DAG_OWNER=airflow
AIRFLOW_CTX_DAG_ID=marketvol
AIRFLOW_CTX_TASK_ID=sensing_task_2
AIRFLOW_CTX_EXECUTION_DATE=2021-12-18T04:18:35.908146+00:00
AIRFLOW_CTX_DAG_RUN_ID=manual__2021-12-18T04:18:35.908146+00:00
[2021-12-18 04:18:51,027] {filesystem.py:56} INFO - Poking for file TSLA_data.csv
[2021-12-18 04:18:51,029] {base.py:245} INFO - Success criteria met. Exiting.
[2021-12-18 04:18:51,043] {taskinstance.py:1159} INFO - Marking task as SUCCESS. dag_id=marketvol, task_id=sensing_task_2, execution_date=20211218T041835, start_date=20211218T041850, end_date=20211218T041851
[2021-12-18 04:18:51,210] {taskinstance.py:1220} INFO - 1 downstream tasks scheduled from follow-on schedule check
[2021-12-18 04:18:51,236] {local_task_job.py:146} INFO - Task exited with return code 0
