[2021-12-18 04:02:29,666] {taskinstance.py:851} INFO - Dependencies all met for <TaskInstance: marketvol.sensing_task_1 2021-12-18T04:02:15.218375+00:00 [queued]>
[2021-12-18 04:02:29,704] {taskinstance.py:851} INFO - Dependencies all met for <TaskInstance: marketvol.sensing_task_1 2021-12-18T04:02:15.218375+00:00 [queued]>
[2021-12-18 04:02:29,705] {taskinstance.py:1042} INFO - 
--------------------------------------------------------------------------------
[2021-12-18 04:02:29,707] {taskinstance.py:1043} INFO - Starting attempt 1 of 3
[2021-12-18 04:02:29,708] {taskinstance.py:1044} INFO - 
--------------------------------------------------------------------------------
[2021-12-18 04:02:29,783] {taskinstance.py:1063} INFO - Executing <Task(FileSensor): sensing_task_1> on 2021-12-18T04:02:15.218375+00:00
[2021-12-18 04:02:29,789] {standard_task_runner.py:52} INFO - Started process 47168 to run task
[2021-12-18 04:02:29,797] {standard_task_runner.py:76} INFO - Running: ['airflow', 'tasks', 'run', 'marketvol', 'sensing_task_1', '2021-12-18T04:02:15.218375+00:00', '--job-id', '25', '--pool', 'default_pool', '--raw', '--subdir', 'DAGS_FOLDER/data_pipeline.py', '--cfg-path', '/tmp/tmp3sdyw9p7', '--error-file', '/tmp/tmpg187k07h']
[2021-12-18 04:02:29,799] {standard_task_runner.py:77} INFO - Job 25: Subtask sensing_task_1
[2021-12-18 04:02:29,942] {logging_mixin.py:104} INFO - Running <TaskInstance: marketvol.sensing_task_1 2021-12-18T04:02:15.218375+00:00 [running]> on host 3f74f14e81d0
[2021-12-18 04:02:30,076] {taskinstance.py:1255} INFO - Exporting the following env vars:
AIRFLOW_CTX_DAG_OWNER=airflow
AIRFLOW_CTX_DAG_ID=marketvol
AIRFLOW_CTX_TASK_ID=sensing_task_1
AIRFLOW_CTX_EXECUTION_DATE=2021-12-18T04:02:15.218375+00:00
AIRFLOW_CTX_DAG_RUN_ID=manual__2021-12-18T04:02:15.218375+00:00
[2021-12-18 04:02:30,098] {filesystem.py:56} INFO - Poking for file $AIRFLOW_HOME/AAPL_data.csv
[2021-12-18 04:02:40,087] {filesystem.py:56} INFO - Poking for file $AIRFLOW_HOME/AAPL_data.csv
[2021-12-18 04:02:50,114] {filesystem.py:56} INFO - Poking for file $AIRFLOW_HOME/AAPL_data.csv
[2021-12-18 04:03:00,137] {filesystem.py:56} INFO - Poking for file $AIRFLOW_HOME/AAPL_data.csv
[2021-12-18 04:03:10,129] {filesystem.py:56} INFO - Poking for file $AIRFLOW_HOME/AAPL_data.csv
[2021-12-18 04:03:20,157] {filesystem.py:56} INFO - Poking for file $AIRFLOW_HOME/AAPL_data.csv
[2021-12-18 04:03:30,182] {filesystem.py:56} INFO - Poking for file $AIRFLOW_HOME/AAPL_data.csv
[2021-12-18 04:03:40,177] {filesystem.py:56} INFO - Poking for file $AIRFLOW_HOME/AAPL_data.csv
[2021-12-18 04:03:50,201] {filesystem.py:56} INFO - Poking for file $AIRFLOW_HOME/AAPL_data.csv
[2021-12-18 04:04:00,226] {filesystem.py:56} INFO - Poking for file $AIRFLOW_HOME/AAPL_data.csv
[2021-12-18 04:04:10,217] {filesystem.py:56} INFO - Poking for file $AIRFLOW_HOME/AAPL_data.csv
[2021-12-18 04:04:20,244] {filesystem.py:56} INFO - Poking for file $AIRFLOW_HOME/AAPL_data.csv
[2021-12-18 04:04:30,271] {filesystem.py:56} INFO - Poking for file $AIRFLOW_HOME/AAPL_data.csv
[2021-12-18 04:04:40,259] {filesystem.py:56} INFO - Poking for file $AIRFLOW_HOME/AAPL_data.csv
[2021-12-18 04:04:50,285] {filesystem.py:56} INFO - Poking for file $AIRFLOW_HOME/AAPL_data.csv
[2021-12-18 04:05:00,307] {filesystem.py:56} INFO - Poking for file $AIRFLOW_HOME/AAPL_data.csv
[2021-12-18 04:05:10,292] {filesystem.py:56} INFO - Poking for file $AIRFLOW_HOME/AAPL_data.csv
[2021-12-18 04:05:20,317] {filesystem.py:56} INFO - Poking for file $AIRFLOW_HOME/AAPL_data.csv
[2021-12-18 04:05:30,340] {filesystem.py:56} INFO - Poking for file $AIRFLOW_HOME/AAPL_data.csv
[2021-12-18 04:05:40,334] {filesystem.py:56} INFO - Poking for file $AIRFLOW_HOME/AAPL_data.csv
[2021-12-18 04:05:50,359] {filesystem.py:56} INFO - Poking for file $AIRFLOW_HOME/AAPL_data.csv
[2021-12-18 04:06:00,381] {filesystem.py:56} INFO - Poking for file $AIRFLOW_HOME/AAPL_data.csv
[2021-12-18 04:06:10,369] {filesystem.py:56} INFO - Poking for file $AIRFLOW_HOME/AAPL_data.csv
[2021-12-18 04:06:20,404] {filesystem.py:56} INFO - Poking for file $AIRFLOW_HOME/AAPL_data.csv
[2021-12-18 04:06:30,431] {filesystem.py:56} INFO - Poking for file $AIRFLOW_HOME/AAPL_data.csv
[2021-12-18 04:06:40,424] {filesystem.py:56} INFO - Poking for file $AIRFLOW_HOME/AAPL_data.csv
[2021-12-18 04:06:50,438] {filesystem.py:56} INFO - Poking for file $AIRFLOW_HOME/AAPL_data.csv
[2021-12-18 04:07:00,467] {filesystem.py:56} INFO - Poking for file $AIRFLOW_HOME/AAPL_data.csv
[2021-12-18 04:07:10,460] {filesystem.py:56} INFO - Poking for file $AIRFLOW_HOME/AAPL_data.csv
[2021-12-18 04:07:20,486] {filesystem.py:56} INFO - Poking for file $AIRFLOW_HOME/AAPL_data.csv
[2021-12-18 04:07:30,510] {filesystem.py:56} INFO - Poking for file $AIRFLOW_HOME/AAPL_data.csv
[2021-12-18 04:07:40,493] {filesystem.py:56} INFO - Poking for file $AIRFLOW_HOME/AAPL_data.csv
[2021-12-18 04:07:50,516] {filesystem.py:56} INFO - Poking for file $AIRFLOW_HOME/AAPL_data.csv
[2021-12-18 04:08:00,537] {filesystem.py:56} INFO - Poking for file $AIRFLOW_HOME/AAPL_data.csv
[2021-12-18 04:08:10,513] {filesystem.py:56} INFO - Poking for file $AIRFLOW_HOME/AAPL_data.csv
[2021-12-18 04:08:20,546] {filesystem.py:56} INFO - Poking for file $AIRFLOW_HOME/AAPL_data.csv
[2021-12-18 04:08:30,560] {filesystem.py:56} INFO - Poking for file $AIRFLOW_HOME/AAPL_data.csv
[2021-12-18 04:08:40,539] {filesystem.py:56} INFO - Poking for file $AIRFLOW_HOME/AAPL_data.csv
[2021-12-18 04:08:50,565] {filesystem.py:56} INFO - Poking for file $AIRFLOW_HOME/AAPL_data.csv
[2021-12-18 04:09:00,590] {filesystem.py:56} INFO - Poking for file $AIRFLOW_HOME/AAPL_data.csv
[2021-12-18 04:09:10,576] {filesystem.py:56} INFO - Poking for file $AIRFLOW_HOME/AAPL_data.csv
[2021-12-18 04:09:20,599] {filesystem.py:56} INFO - Poking for file $AIRFLOW_HOME/AAPL_data.csv
[2021-12-18 04:09:30,621] {filesystem.py:56} INFO - Poking for file $AIRFLOW_HOME/AAPL_data.csv
